###############################################################
#  Generated by:      Cadence Tempus 22.13-s095_1
#  OS:                Linux x86_64(Host ID rhcadence)
#  Generated on:      Tue Jun  3 10:20:26 2025
#  Design:            counter
#  Command:           report_constraint -all_violators > reports/timing_all_violators.rpt
###############################################################
# format : frame 0 : split 1

max_delay/setup
---------------------------
No paths found

min_delay/hold
---------------------------
      -------------------------------------------------------------------------------------------------------------------------------------------  
       End Point                                  Slack                                         Cause                                       View   
      -------------------------------------------------------------------------------------------------------------------------------------------  
      q_o_reg[2]/D r                             -0.029     VIOLATED                                   func_fast_min
      q_o_reg[1]/D r                             -0.029     VIOLATED                                   func_fast_min
      q_o_reg[0]/D r                             -0.029     VIOLATED                                   func_fast_min
      -------------------------------------------------------------------------------------------------------------------------------------------

Check type : clock_period
---------------------------
No paths found

Check type : skew
---------------------------
No paths found

Check type : pulse_width
---------------------------
 No violating Checks with given description found

Check type : max_transition
---------------------------
 No Violations found

Check type : min_transition
---------------------------
 No Violations found

Check type : max_capacitance
---------------------------
 No Violations found

Check type : min_capacitance
---------------------------
 No Violations found

Check type : max_fanout
---------------------------
 No Violations found

Check type : min_fanout
---------------------------
 No Violations found

Check type : pulse_clock_max_transition_rise_transitive_fanout
---------------------------
 No Violations found

Check type : pulse_clock_max_transition_fall_transitive_fanout
---------------------------
 No Violations found

Check type : pulse_clock_max_transition_rise
---------------------------
 No Violations found

Check type : pulse_clock_max_transition_fall
---------------------------
 No Violations found

Check type : pulse_clock_min_transition_rise_transitive_fanout
---------------------------
 No Violations found

Check type : pulse_clock_min_transition_fall_transitive_fanout
---------------------------
 No Violations found

Check type : pulse_clock_min_transition_rise
---------------------------
 No Violations found

Check type : pulse_clock_min_transition_fall
---------------------------
 No Violations found
