============================================================
  Generated by:           Genus(TM) Synthesis Solution 22.13-s093_1
  Generated on:           Jun 02 2025  07:29:47 pm
  Module:                 counter
  Operating conditions:   tm_1p8v_25c (balanced_tree)
  Wireload mode:          enclosed
  Area mode:              timing library
============================================================

Timing
--------

Clock  Period 
--------------
clk   10000.0 


  Cost    Critical         Violating 
 Group   Path Slack  TNS     Paths   
-------------------------------------
clk          8206.2   0.0          0 
default    No paths   0.0            
-------------------------------------
Total                 0.0          0 

Instance Count
--------------
Leaf Instance Count             15 
Physical Instance count          0 
Sequential Instance Count        3 
Combinational Instance Count    12 
Hierarchical Instance Count      0 

Area
----
Cell Area                          0.000
Physical Cell Area                 0.000
Total Cell Area (Cell+Physical)    0.000
Net Area                           0.000
Total Area (Cell+Physical+Net)     0.000

Max Fanout                         3 (q_o[0])
Min Fanout                         1 (n_0)
Average Fanout                     1.5
Terms to net ratio                 2.2500
Terms to instance ratio            3.0000
Runtime                            16.988576 seconds
Elapsed Runtime                    348 seconds
Genus peak memory usage            1730.48 
Innovus peak memory usage          no_value 
Hostname                           rhcadence
